<?xml version="1.0" encoding="UTF-8"?>
<robot generator="Robot 6.0 (Python 3.10.5 on win32)" generated="20221026 15:28:54.824" rpa="false" schemaversion="3">
<suite id="s1" name="Test" source="C:\Users\Dell Latitude\OneDrive\Documentos\testedepython\test.robot">
<test id="s1-t1" name="CenÃ¡rio 1: Acessando o site do Robot" line="14">
<kw name="Abrir Site">
<kw name="Open Browser" library="SeleniumLibrary">
<arg>https://robotframework.org/</arg>
<arg>chrome</arg>
<doc>Opens a new browser instance to the optional ``url``.</doc>
<msg timestamp="20221026 15:28:55.784" level="INFO">Opening browser 'chrome' to base url 'https://robotframework.org/'.</msg>
<msg timestamp="20221026 15:28:55.819" level="INFO">Cannot capture screenshot because no browser is open.</msg>
<msg timestamp="20221026 15:28:55.819" level="FAIL">WebDriverException: Message: 'chromedriver' executable needs to be in PATH. Please see https://chromedriver.chromium.org/home
</msg>
<status status="FAIL" starttime="20221026 15:28:55.783" endtime="20221026 15:28:55.863"/>
</kw>
<status status="FAIL" starttime="20221026 15:28:55.782" endtime="20221026 15:28:55.865"/>
</kw>
<status status="FAIL" starttime="20221026 15:28:55.781" endtime="20221026 15:28:55.866">WebDriverException: Message: 'chromedriver' executable needs to be in PATH. Please see https://chromedriver.chromium.org/home
</status>
</test>
<status status="FAIL" starttime="20221026 15:28:54.830" endtime="20221026 15:28:55.874"/>
</suite>
<statistics>
<total>
<stat pass="0" fail="1" skip="0">All Tests</stat>
</total>
<tag>
</tag>
<suite>
<stat pass="0" fail="1" skip="0" id="s1" name="Test">Test</stat>
</suite>
</statistics>
<errors>
</errors>
</robot>
